<?xml version="1.0" encoding="UTF-8" ?>
<testsuite errors="0" failures="0" hostname="JPK-PC" name="edu.umb.cs.cs680.polygon.TriangleTest" skipped="0" tests="4" time="0.056" timestamp="2016-12-03T02:27:30">
  <properties>
    <property name="java.vendor" value="Oracle Corporation" />
    <property name="sun.java.launcher" value="SUN_STANDARD" />
    <property name="sun.management.compiler" value="HotSpot 64-Bit Tiered Compilers" />
    <property name="env.PROMPT" value="$P$G" />
    <property name="os.name" value="Windows 7" />
    <property name="env.FP_NO_HOST_CHECK" value="NO" />
    <property name="sun.boot.class.path" value="C:\Program Files\Java\jdk1.8.0_92\jre\lib\resources.jar;C:\Program Files\Java\jdk1.8.0_92\jre\lib\rt.jar;C:\Program Files\Java\jdk1.8.0_92\jre\lib\sunrsasign.jar;C:\Program Files\Java\jdk1.8.0_92\jre\lib\jsse.jar;C:\Program Files\Java\jdk1.8.0_92\jre\lib\jce.jar;C:\Program Files\Java\jdk1.8.0_92\jre\lib\charsets.jar;C:\Program Files\Java\jdk1.8.0_92\jre\lib\jfr.jar;C:\Program Files\Java\jdk1.8.0_92\jre\classes" />
    <property name="env.COMPUTERNAME" value="JPK-PC" />
    <property name="env.CommonProgramW6432" value="C:\Program Files\Common Files" />
    <property name="env.ALLUSERSPROFILE" value="C:\ProgramData" />
    <property name="sun.desktop" value="windows" />
    <property name="java.vm.specification.vendor" value="Oracle Corporation" />
    <property name="ant.home" value="C:\apache-ant-1.9.7" />
    <property name="java.runtime.version" value="1.8.0_92-b14" />
    <property name="env.CS636" value="C:\Users\JohnPaul\Downloads\CS636" />
    <property name="env.HOMEPATH" value="\Users\JohnPaul" />
    <property name="user.name" value="JohnPaul" />
    <property name="user.language" value="en" />
    <property name="env.windows_tracing_flags" value="3" />
    <property name="sun.boot.library.path" value="C:\Program Files\Java\jdk1.8.0_92\jre\bin" />
    <property name="env.ORACLE_PW" value="jkamby" />
    <property name="ant.project.default-target" value="build" />
    <property name="ant.project.name" value="CS680_HW5" />
    <property name="ant.file.CS680_HW5" value="C:\Users\JohnPaul\Downloads\CS680\HW\HW5\build.xml" />
    <property name="java.version" value="1.8.0_92" />
    <property name="env.PROCESSOR_IDENTIFIER" value="Intel64 Family 6 Model 58 Stepping 9, GenuineIntel" />
    <property name="user.timezone" value="" />
    <property name="env.asl.log" value="Destination=file" />
    <property name="env.TEMP" value="C:\Users\JohnPaul\AppData\Local\Temp" />
    <property name="sun.arch.data.model" value="64" />
    <property name="java.endorsed.dirs" value="C:\Program Files\Java\jdk1.8.0_92\jre\lib\endorsed" />
    <property name="env._JAVACMD" value="C:\Program Files\Java\jdk1.8.0_92\bin\java.exe" />
    <property name="sun.cpu.isalist" value="amd64" />
    <property name="env.HOMEDRIVE" value="C:" />
    <property name="sun.jnu.encoding" value="Cp1252" />
    <property name="file.encoding.pkg" value="sun.io" />
    <property name="ECLIPSE_HOME" value="\Users\JohnPaul/eclipse/jee-latest-released/eclipse/" />
    <property name="file.separator" value="\" />
    <property name="java.specification.name" value="Java Platform API Specification" />
    <property name="env.ORACLE_SITE" value="localhost:1521:dbs3" />
    <property name="java.class.version" value="52.0" />
    <property name="user.country" value="US" />
    <property name="java.home" value="C:\Program Files\Java\jdk1.8.0_92\jre" />
    <property name="env.PSModulePath" value="C:\Windows\system32\WindowsPowerShell\v1.0\Modules\" />
    <property name="env.APPDATA" value="C:\Users\JohnPaul\AppData\Roaming" />
    <property name="env.PUBLIC" value="C:\Users\Public" />
    <property name="env.windows_tracing_logfile" value="C:\BVTBin\Tests\installpackage\csilogfile.log" />
    <property name="java.vm.info" value="mixed mode" />
    <property name="env.CATALINA_HOME" value="C:\tomcat-8.5" />
    <property name="env.ComSpec" value="C:\Windows\system32\cmd.exe" />
    <property name="env.OS" value="Windows_NT" />
    <property name="env.CommonProgramFiles" value="C:\Program Files\Common Files" />
    <property name="ant.file" value="C:\Users\JohnPaul\Downloads\CS680\HW\HW5\build.xml" />
    <property name="os.version" value="6.1" />
    <property name="env.=ExitCode" value="00000000" />
    <property name="env.ProgramW6432" value="C:\Program Files" />
    <property name="env._USE_CLASSPATH" value="no" />
    <property name="path.separator" value=";" />
    <property name="java.vm.version" value="25.92-b14" />
    <property name="env.ORACLE_USER" value="jkamby" />
    <property name="ant.file.type.CS680_HW5" value="file" />
    <property name="user.variant" value="" />
    <property name="env.USERPROFILE" value="C:\Users\JohnPaul" />
    <property name="ant.library.dir" value="C:\apache-ant-1.9.7\lib" />
    <property name="junit.output.dir" value="junit" />
    <property name="env.JAVA_HOME" value="C:\Program Files\Java\jdk1.8.0_92" />
    <property name="java.awt.printerjob" value="sun.awt.windows.WPrinterJob" />
    <property name="env.TMP" value="C:\Users\JohnPaul\AppData\Local\Temp" />
    <property name="sun.io.unicode.encoding" value="UnicodeLittle" />
    <property name="awt.toolkit" value="sun.awt.windows.WToolkit" />
    <property name="sun.stdout.encoding" value="cp437" />
    <property name="user.script" value="" />
    <property name="target" value="1.8" />
    <property name="user.home" value="C:\Users\JohnPaul" />
    <property name="env.ProgramData" value="C:\ProgramData" />
    <property name="env.ProgramFiles(x86)" value="C:\Program Files (x86)" />
    <property name="env.MYSQL_SITE" value="localhost:3333" />
    <property name="java.specification.vendor" value="Oracle Corporation" />
    <property name="java.library.path" value="C:\Program Files\Java\jdk1.8.0_92\jre\bin;C:\Windows\Sun\Java\bin;C:\Windows\system32;C:\Windows;C:\tomcat-8.5\bin;C:\sqldeveloper;C:\instantclient_12_1;C:\apache-ant-1.9.7\bin;C:\Python27;C:\Program Files\Java\jdk1.8.0_92\bin;C:\Program Files\MySQL\MySQL Server 5.7\bin;C:\ProgramData\Oracle\Java\javapath;C:\Windows\system32;C:\Windows;C:\Windows\System32\Wbem;C:\Windows\System32\WindowsPowerShell\v1.0\;C:\Program Files (x86)\Skype\Phone\;C:\Program Files\Git\cmd;C:\Program Files (x86)\Bitvise SSH Client;C:\Program Files (x86)\SSH Communications Security\SSH Secure Shell;." />
    <property name="env.NUMBER_OF_PROCESSORS" value="4" />
    <property name="java.vendor.url" value="http://java.oracle.com/" />
    <property name="java.vm.vendor" value="Oracle Corporation" />
    <property name="java.runtime.name" value="Java(TM) SE Runtime Environment" />
    <property name="ant.version" value="Apache Ant(TM) version 1.9.7 compiled on April 9 2016" />
    <property name="sun.java.command" value="org.apache.tools.ant.taskdefs.optional.junit.JUnitTestRunner edu.umb.cs.cs680.polygon.TriangleTest skipNonTests=false filtertrace=true haltOnError=false haltOnFailure=false formatter=org.apache.tools.ant.taskdefs.optional.junit.OutErrSummaryJUnitResultFormatter showoutput=false outputtoformatters=true logfailedtests=true threadid=0 logtestlistenerevents=false formatter=org.apache.tools.ant.taskdefs.optional.junit.XMLJUnitResultFormatter,C:\Users\JohnPaul\Downloads\CS680\HW\HW5\junit\TEST-edu.umb.cs.cs680.polygon.TriangleTest.xml crashfile=C:\Users\JohnPaul\Downloads\CS680\HW\HW5\junitvmwatcher8717174899197411813.properties propsfile=C:\Users\JohnPaul\Downloads\CS680\HW\HW5\junit7268201778750744526.properties" />
    <property name="java.class.path" value="C:\Users\JohnPaul\Downloads\CS680\HW\HW5\bin;C:\Users\JohnPaul\Downloads\CS680\HW\HW5\test\bin;C:\Users\JohnPaul\.p2\pool\plugins\org.junit_4.12.0.v201504281640\junit.jar;C:\Users\JohnPaul\.p2\pool\plugins\org.hamcrest.core_1.3.0.v201303031735.jar;C:\apache-ant-1.9.7\lib\junit-4.12.jar;C:\apache-ant-1.9.7\lib\ant-launcher.jar;C:\apache-ant-1.9.7\lib\ant.jar;C:\apache-ant-1.9.7\lib\ant-junit.jar;C:\apache-ant-1.9.7\lib\ant-junit4.jar" />
    <property name="env.MYSQL_USER" value="jkamby" />
    <property name="java.vm.specification.name" value="Java Virtual Machine Specification" />
    <property name="ant.file.type" value="file" />
    <property name="env.LOGONSERVER" value="\\JPK-PC" />
    <property name="env.windir" value="C:\Windows" />
    <property name="java.vm.specification.version" value="1.8" />
    <property name="env.PROCESSOR_ARCHITECTURE" value="AMD64" />
    <property name="sun.cpu.endian" value="little" />
    <property name="sun.os.patch.level" value="Service Pack 1" />
    <property name="debuglevel" value="source,lines,vars" />
    <property name="env.ProgramFiles" value="C:\Program Files" />
    <property name="env.ANT_HOME" value="C:\apache-ant-1.9.7" />
    <property name="env.PROCESSOR_REVISION" value="3a09" />
    <property name="java.io.tmpdir" value="C:\Users\JohnPaul\AppData\Local\Temp\" />
    <property name="env.CommonProgramFiles(x86)" value="C:\Program Files (x86)\Common Files" />
    <property name="java.vendor.url.bug" value="http://bugreport.sun.com/bugreport/" />
    <property name="env.SystemRoot" value="C:\Windows" />
    <property name="java.awt.graphicsenv" value="sun.awt.Win32GraphicsEnvironment" />
    <property name="env.ANT_CMD_LINE_ARGS" value=" junitreport" />
    <property name="os.arch" value="amd64" />
    <property name="java.ext.dirs" value="C:\Program Files\Java\jdk1.8.0_92\jre\lib\ext;C:\Windows\Sun\Java\lib\ext" />
    <property name="user.dir" value="C:\Users\JohnPaul\Downloads\CS680\HW\HW5" />
    <property name="env.LOCALAPPDATA" value="C:\Users\JohnPaul\AppData\Local" />
    <property name="line.separator" value="&#xd;&#xa;" />
    <property name="java.vm.name" value="Java HotSpot(TM) 64-Bit Server VM" />
    <property name="env.PATHEXT" value=".COM;.EXE;.BAT;.CMD;.VBS;.VBE;.JS;.JSE;.WSF;.WSH;.MSC" />
    <property name="env.Path" value="C:\tomcat-8.5\bin;C:\sqldeveloper;C:\instantclient_12_1;C:\apache-ant-1.9.7\bin;C:\Python27;C:\Program Files\Java\jdk1.8.0_92\bin;C:\Program Files\MySQL\MySQL Server 5.7\bin;C:\ProgramData\Oracle\Java\javapath;C:\Windows\system32;C:\Windows;C:\Windows\System32\Wbem;C:\Windows\System32\WindowsPowerShell\v1.0\;C:\Program Files (x86)\Skype\Phone\;C:\Program Files\Git\cmd;C:\Program Files (x86)\Bitvise SSH Client;C:\Program Files (x86)\SSH Communications Security\SSH Secure Shell" />
    <property name="basedir" value="C:\Users\JohnPaul\Downloads\CS680\HW\HW5" />
    <property name="ant.java.version" value="1.8" />
    <property name="env.TOMCAT_URL" value="http://localhost:8080" />
    <property name="ant.core.lib" value="C:\apache-ant-1.9.7\lib\ant.jar" />
    <property name="env.USERNAME" value="JohnPaul" />
    <property name="env.MYSQL_PW" value="jkamby" />
    <property name="env.SystemDrive" value="C:" />
    <property name="source" value="1.8" />
    <property name="file.encoding" value="Cp1252" />
    <property name="sun.stderr.encoding" value="cp437" />
    <property name="env.USERDOMAIN" value="JPK-PC" />
    <property name="java.specification.version" value="1.8" />
    <property name="env.=C:" value="C:\Users\JohnPaul\Downloads\CS680\HW\HW5" />
    <property name="ant.project.invoked-targets" value="junitreport" />
    <property name="env.PROCESSOR_LEVEL" value="6" />
  </properties>
  <testcase classname="edu.umb.cs.cs680.polygon.TriangleTest" name="testTriangle" time="0.002" />
  <testcase classname="edu.umb.cs.cs680.polygon.TriangleTest" name="testGetArea" time="0.004" />
  <testcase classname="edu.umb.cs.cs680.polygon.TriangleTest" name="testGetCentroid" time="0.0" />
  <testcase classname="edu.umb.cs.cs680.polygon.TriangleTest" name="testGetPoints" time="0.0" />
  <system-out><![CDATA[getCentroid in Triangle not (yet) implemented.
]]></system-out>
  <system-err><![CDATA[]]></system-err>
</testsuite>
